./lib/libmy.a:1: MAJOR:C-O1
./lib/my/array_append.o:1: MAJOR:C-O1
./lib/my/count_digits.o:1: MAJOR:C-O1
./lib/my/free_arr.o:1: MAJOR:C-O1
./lib/my/get_lowerchar.o:1: MAJOR:C-O1
./lib/my/is_alpha.o:1: MAJOR:C-O1
./lib/my/is_include.o:1: MAJOR:C-O1
./lib/my/load_file_in_mem.o:1: MAJOR:C-O1
./lib/my/my_arraylen.o:1: MAJOR:C-O1
./lib/my/my_arrcpy.o:1: MAJOR:C-O1
./lib/my/my_compute_power_rec.o:1: MAJOR:C-O1
./lib/my/my_compute_square_root.o:1: MAJOR:C-O1
./lib/my/my_find_prime_sup.o:1: MAJOR:C-O1
./lib/my/my_getnbr.o:1: MAJOR:C-O1
./lib/my/my_is_prime.o:1: MAJOR:C-O1
./lib/my/my_isneg.o:1: MAJOR:C-O1
./lib/my/my_printf.o:1: MAJOR:C-O1
./lib/my/my_printf/check_blank.o:1: MAJOR:C-O1
./lib/my/my_printf/check_flags.o:1: MAJOR:C-O1
./lib/my/my_printf/check_precision.o:1: MAJOR:C-O1
./lib/my/my_printf/check_sharp.o:1: MAJOR:C-O1
./lib/my/my_printf/check_show_sign.o:1: MAJOR:C-O1
./lib/my/my_printf/check_width.o:1: MAJOR:C-O1
./lib/my/my_printf/check_zero_filled.o:1: MAJOR:C-O1
./lib/my/my_printf/create_data.o:1: MAJOR:C-O1
./lib/my/my_printf/dec_to_hexa.o:1: MAJOR:C-O1
./lib/my/my_printf/dec_to_octal.o:1: MAJOR:C-O1
./lib/my/my_printf/my_put_big_int.o:1: MAJOR:C-O1
./lib/my/my_printf/my_put_float.o:1: MAJOR:C-O1
./lib/my/my_printf/parse_alignement.o:1: MAJOR:C-O1
./lib/my/my_printf/print_percent.o:1: MAJOR:C-O1
./lib/my/my_printf/put_adress.o:1: MAJOR:C-O1
./lib/my/my_printf/put_hexa_float.o:1: MAJOR:C-O1
./lib/my/my_printf/put_sci_write.o:1: MAJOR:C-O1
./lib/my/my_printf/put_secure_str.o:1: MAJOR:C-O1
./lib/my/my_printf/put_shorter_of.o:1: MAJOR:C-O1
./lib/my/my_printf/put_va_char.o:1: MAJOR:C-O1
./lib/my/my_printf/put_va_nbr.o:1: MAJOR:C-O1
./lib/my/my_printf/put_va_str.o:1: MAJOR:C-O1
./lib/my/my_printf/set_count.o:1: MAJOR:C-O1
./lib/my/my_printf/unsigned_to_bin.o:1: MAJOR:C-O1
./lib/my/my_put_nbr.o:1: MAJOR:C-O1
./lib/my/my_putchar.o:1: MAJOR:C-O1
./lib/my/my_putstr.o:1: MAJOR:C-O1
./lib/my/my_realloc.o:1: MAJOR:C-O1
./lib/my/my_revstr.o:1: MAJOR:C-O1
./lib/my/my_showmem.o:1: MAJOR:C-O1
./lib/my/my_showstr.o:1: MAJOR:C-O1
./lib/my/my_sort_int_array.o:1: MAJOR:C-O1
./lib/my/my_str_isalpha.o:1: MAJOR:C-O1
./lib/my/my_str_islower.o:1: MAJOR:C-O1
./lib/my/my_str_isnum.o:1: MAJOR:C-O1
./lib/my/my_str_isprintable.o:1: MAJOR:C-O1
./lib/my/my_str_isupper.o:1: MAJOR:C-O1
./lib/my/my_str_to_word_array.o:1: MAJOR:C-O1
./lib/my/my_strcapitalize.o:1: MAJOR:C-O1
./lib/my/my_strcat.o:1: MAJOR:C-O1
./lib/my/my_strcmp.o:1: MAJOR:C-O1
./lib/my/my_strcpy.o:1: MAJOR:C-O1
./lib/my/my_strdup.o:1: MAJOR:C-O1
./lib/my/my_strlen.o:1: MAJOR:C-O1
./lib/my/my_strlowcase.o:1: MAJOR:C-O1
./lib/my/my_strncat.o:1: MAJOR:C-O1
./lib/my/my_strncmp.o:1: MAJOR:C-O1
./lib/my/my_strncpy.o:1: MAJOR:C-O1
./lib/my/my_strstr.o:1: MAJOR:C-O1
./lib/my/my_strupcase.o:1: MAJOR:C-O1
./lib/my/my_swap.o:1: MAJOR:C-O1
./lib/my/print_array.o:1: MAJOR:C-O1
./lib/my/str_append.o:1: MAJOR:C-O1
./stacking_sort.c:49: MAJOR:C-F4
./tools.c:9: MINOR:C-G7
./tools.c:76: MAJOR:C-F4
